<?xml version="1.0" encoding="UTF-8"?>
<testsuite name="com.medianet.calculator1.CalculatorTest" tests="1" skipped="0" failures="0" errors="0" timestamp="2024-02-22T20:59:30" hostname="vagrant" time="0.002">
  <properties/>
  <testcase name="testSum()" classname="com.medianet.calculator1.CalculatorTest" time="0.002"/>
  <system-out><![CDATA[]]></system-out>
  <system-err><![CDATA[]]></system-err>
</testsuite>
